[14:43:10] [[32minfo[39m] [[object Object]]
[15:00:19] [[32minfo[39m] [[object Object]]
[15:00:38] [[32minfo[39m] [Ready to send the email]
[15:05:29] [[31merror[39m] [Please fill in all fields.]
[15:05:35] [[31merror[39m] [Please fill in all fields.]
[15:06:20] [[32minfo[39m] [[object Object]]
[15:07:48] [[32minfo[39m] [Ready to send the email[object Object]]
[15:07:49] [[31merror[39m] [Error saving email historyTypeError: Cannot create property 'Symbol(level)' on string 'emailsent abc@gmail.com']
[15:08:14] [[32minfo[39m] [Ready to send the email[object Object]]
[15:08:15] [[31merror[39m] [Error saving email historyTypeError: Cannot create property 'Symbol(level)' on string 'emailsent abc@gmail.com']
[15:08:39] [[32minfo[39m] [Ready to send the email[object Object]]
[15:08:40] [[31merror[39m] [Error saving email historyTypeError: Cannot create property 'Symbol(level)' on string 'emailsentabc@gmail.com']
[15:09:11] [[32minfo[39m] [Ready to send the email[object Object]]
[15:09:12] [[32minfo[39m] [emailsentabc@gmail.com]
[15:16:53] [[32minfo[39m] [required file]
[15:17:28] [[32minfo[39m] [recived req.body]
[15:17:28] [[32minfo[39m] [Ready to send the email[object Object]]
[15:17:29] [[32minfo[39m] [email sent to as@gmail.com]
[15:17:41] [[31merror[39m] [server error]
[15:17:42] [[31merror[39m] [server error]
[15:17:42] [[31merror[39m] [filehistory]
[15:18:24] [[31merror[39m] [server error]
[15:18:24] [[31merror[39m] [server error]
[15:18:24] [[32minfo[39m] [filehistory]
[15:19:53] [[31merror[39m] [server error]
[15:19:53] [[31merror[39m] [server error]
[15:19:54] [[32minfo[39m] [filehistory]
[15:20:29] [[32minfo[39m] [account deleted sucessfully]
[15:21:21] [[31merror[39m] [Internal Server Error:MongoServerError: E11000 duplicate key error collection: test.userinfo index: email_1 dup key: { email: "sasank@gmail.com" }]
[15:21:21] [[31merror[39m] [Internal Server Error:MongoServerError: E11000 duplicate key error collection: test.userinfo index: email_1 dup key: { email: "sasank@gmail.com" }]
[15:21:21] [[31merror[39m] [Internal Server Error:MongoServerError: E11000 duplicate key error collection: test.userinfo index: email_1 dup key: { email: "sasank@gmail.com" }]
[15:21:21] [[31merror[39m] [Internal Server Error:MongoServerError: E11000 duplicate key error collection: test.userinfo index: email_1 dup key: { email: "sasank@gmail.com" }]
[15:21:21] [[31merror[39m] [Internal Server Error:MongoServerError: E11000 duplicate key error collection: test.userinfo index: email_1 dup key: { email: "sasank@gmail.com" }]
[15:21:21] [[31merror[39m] [Email is already registered.]
[15:21:21] [[31merror[39m] [Email is already registered.]
[15:21:59] [[31merror[39m] [server error]
[15:21:59] [[31merror[39m] [server error]
[15:22:06] [[31merror[39m] [server error]
[15:22:06] [[31merror[39m] [server error]
[15:22:33] [[32minfo[39m] [filehistory]
[15:22:33] [[32minfo[39m] [filehistory]
[15:22:34] [[31merror[39m] [Email is already registered.]
[15:22:55] [[31merror[39m] [server error]
[15:22:55] [[31merror[39m] [server error]
[15:22:55] [[32minfo[39m] [filehistory]
[15:23:33] [[31merror[39m] [server error]
[15:23:33] [[31merror[39m] [server error]
[15:23:33] [[32minfo[39m] [filehistory]
[15:23:40] [[31merror[39m] [server error]
[15:23:40] [[31merror[39m] [server error]
[15:23:40] [[32minfo[39m] [filehistory]
[15:23:57] [[32minfo[39m] [required file]
[15:24:08] [[32minfo[39m] [recived req.body]
[15:24:08] [[32minfo[39m] [Ready to send the email[object Object]]
[15:24:09] [[32minfo[39m] [email sent to sasank@gmail.com]
[15:24:11] [[31merror[39m] [server error]
[15:24:11] [[31merror[39m] [server error]
[15:24:11] [[32minfo[39m] [filehistory]
[15:24:54] [[32minfo[39m] [entered login]
[15:27:16] [[32minfo[39m] [upload button]
[15:27:16] [[32minfo[39m] [required file]
[15:29:41] [[32minfo[39m] [recived req.body]
[15:29:41] [[31merror[39m] [please enter valid details]
[15:29:41] [[32minfo[39m] [Ready to send the email[object Object]]
[15:29:42] [[32minfo[39m] [email sent to asa@gmail.cok]
[15:30:01] [[31merror[39m] [server error]
[15:30:01] [[32minfo[39m] [clicked on the history]
[15:30:01] [[31merror[39m] [server error]
[15:30:02] [[32minfo[39m] [filehistory]
[17:41:54] [[32minfo[39m] [clicked on signup]
[17:41:58] [[31merror[39m] [server error]
[17:41:58] [[32minfo[39m] [clicked on the history]
[17:41:58] [[31merror[39m] [server error]
[17:41:58] [[32minfo[39m] [filehistory]
[18:04:26] [[32minfo[39m] [entered login]
[18:04:26] [[31merror[39m] [please provide necessary requirements]
[18:05:04] [[32minfo[39m] [entered login]
[18:05:04] [[31merror[39m] [please provide necessary requirements]
[18:05:29] [[32minfo[39m] [entered login]
[18:05:29] [[31merror[39m] [please provide necessary requirements]
[18:05:29] [[32minfo[39m] [entered login]
[18:05:30] [[31merror[39m] [login invalid password]
[18:05:49] [[32minfo[39m] [entered login]
[18:05:49] [[31merror[39m] [please provide necessary requirements]
[18:05:49] [[32minfo[39m] [entered login]
[18:05:50] [[31merror[39m] [login invalid password]
[18:06:20] [[32minfo[39m] [entered login]
[18:06:20] [[31merror[39m] [please provide necessary requirements]
[18:06:20] [[32minfo[39m] [entered login]
[18:06:21] [[31merror[39m] [login invalid password]
[18:08:00] [[32minfo[39m] [entered login]
[18:08:00] [[31merror[39m] [please provide necessary requirements]
[18:08:01] [[32minfo[39m] [entered login]
[18:08:02] [[31merror[39m] [login invalid password]
[18:08:02] [[32minfo[39m] [entered login]
[18:08:02] [[31merror[39m] [login user not found]
[18:08:56] [[32minfo[39m] [entered login]
[18:08:56] [[31merror[39m] [please provide necessary requirements]
[18:08:57] [[32minfo[39m] [entered login]
[18:08:58] [[31merror[39m] [login invalid password]
[18:08:58] [[32minfo[39m] [entered login]
[18:08:58] [[31merror[39m] [login user not found]
[18:08:58] [[32minfo[39m] [entered login]
[18:12:57] [[32minfo[39m] [clicked on signup]
[18:12:59] [[32minfo[39m] [clicked on signup]
[18:12:59] [[32minfo[39m] [clicked on signup]
[18:12:59] [[31merror[39m] [Email is already registered.]
[18:13:00] [[32minfo[39m] [entered login]
[18:13:00] [[31merror[39m] [please provide necessary requirements]
[18:13:00] [[32minfo[39m] [entered login]
[18:13:01] [[31merror[39m] [login invalid password]
[18:13:01] [[32minfo[39m] [entered login]
[18:13:01] [[31merror[39m] [login user not found]
[18:13:01] [[32minfo[39m] [entered login]
[18:15:22] [[32minfo[39m] [entered login]
[18:15:22] [[31merror[39m] [please provide necessary requirements]
[18:15:22] [[32minfo[39m] [entered login]
[18:15:23] [[31merror[39m] [login invalid password]
[18:15:23] [[32minfo[39m] [entered login]
[18:15:23] [[31merror[39m] [login user not found]
[18:15:23] [[32minfo[39m] [entered login]
[18:15:25] [[32minfo[39m] [clicked on signup]
[18:15:25] [[31merror[39m] [Email is already registered.]
[18:15:25] [[32minfo[39m] [clicked on signup]
[18:15:26] [[31merror[39m] [Email is already registered.]
[18:15:26] [[32minfo[39m] [clicked on signup]
[18:15:26] [[31merror[39m] [Email is already registered.]
[19:42:12] [[32minfo[39m] [clicked on signup]
[19:42:13] [[31merror[39m] [Email is already registered.]
[19:42:13] [[32minfo[39m] [clicked on signup]
[19:42:13] [[31merror[39m] [Email is already registered.]
[19:42:13] [[32minfo[39m] [clicked on signup]
[19:42:13] [[31merror[39m] [Email is already registered.]
[19:42:14] [[32minfo[39m] [entered login]
[19:42:14] [[31merror[39m] [please provide necessary requirements]
[19:42:15] [[32minfo[39m] [entered login]
[19:42:15] [[31merror[39m] [login invalid password]
[19:42:15] [[32minfo[39m] [entered login]
[19:42:15] [[31merror[39m] [login user not found]
[19:42:15] [[32minfo[39m] [entered login]
[19:43:05] [[32minfo[39m] [clicked on signup]
[19:43:06] [[31merror[39m] [Email is already registered.]
[19:43:06] [[32minfo[39m] [clicked on signup]
[19:43:06] [[31merror[39m] [Email is already registered.]
[19:43:06] [[32minfo[39m] [clicked on signup]
[19:43:06] [[31merror[39m] [Email is already registered.]
[19:43:08] [[32minfo[39m] [entered login]
[19:43:08] [[31merror[39m] [please provide necessary requirements]
[19:43:08] [[32minfo[39m] [entered login]
[19:43:09] [[31merror[39m] [login invalid password]
[19:43:09] [[32minfo[39m] [entered login]
[19:43:09] [[31merror[39m] [login user not found]
[19:43:09] [[32minfo[39m] [entered login]
[19:43:49] [[32minfo[39m] [clicked on signup]
[19:43:50] [[31merror[39m] [Email is already registered.]
[19:43:50] [[32minfo[39m] [clicked on signup]
[19:43:50] [[31merror[39m] [Email is already registered.]
[19:43:50] [[32minfo[39m] [clicked on signup]
[19:43:50] [[31merror[39m] [Email is already registered.]
[19:43:51] [[32minfo[39m] [entered login]
[19:43:51] [[31merror[39m] [please provide necessary requirements]
[19:43:52] [[32minfo[39m] [entered login]
[19:43:52] [[31merror[39m] [login invalid password]
[19:43:52] [[32minfo[39m] [entered login]
[19:43:52] [[31merror[39m] [login user not found]
[19:43:52] [[32minfo[39m] [entered login]
[19:46:07] [[32minfo[39m] [clicked on signup]
[19:46:08] [[31merror[39m] [Email is already registered.]
[19:46:08] [[32minfo[39m] [clicked on signup]
[19:46:08] [[31merror[39m] [Email is already registered.]
[19:46:09] [[32minfo[39m] [entered login]
[19:46:09] [[31merror[39m] [please provide necessary requirements]
[19:46:09] [[32minfo[39m] [entered login]
[19:46:10] [[31merror[39m] [login invalid password]
[19:46:10] [[32minfo[39m] [entered login]
[19:46:10] [[31merror[39m] [login user not found]
[19:46:10] [[32minfo[39m] [entered login]
[19:46:29] [[32minfo[39m] [entered login]
[19:46:30] [[31merror[39m] [login invalid password]
[19:46:30] [[32minfo[39m] [entered login]
[19:46:30] [[31merror[39m] [login user not found]
[19:46:30] [[32minfo[39m] [entered login]
[19:46:31] [[32minfo[39m] [clicked on signup]
[19:46:32] [[31merror[39m] [Email is already registered.]
[19:46:32] [[32minfo[39m] [clicked on signup]
[19:46:32] [[31merror[39m] [Email is already registered.]
[19:46:48] [[32minfo[39m] [clicked on signup]
[19:46:50] [[31merror[39m] [Email is already registered.]
[19:46:50] [[32minfo[39m] [clicked on signup]
[19:46:50] [[31merror[39m] [Email is already registered.]
[19:46:51] [[32minfo[39m] [entered login]
[19:46:51] [[31merror[39m] [please provide necessary requirements]
[19:46:51] [[32minfo[39m] [entered login]
[19:46:52] [[31merror[39m] [login invalid password]
[19:46:52] [[32minfo[39m] [entered login]
[19:46:52] [[31merror[39m] [login user not found]
[19:46:52] [[32minfo[39m] [entered login]
[19:50:12] [[32minfo[39m] [entered login]
[19:50:12] [[31merror[39m] [please provide necessary requirements]
[19:50:12] [[32minfo[39m] [entered login]
[19:50:14] [[31merror[39m] [login invalid password]
[19:50:14] [[32minfo[39m] [entered login]
[19:50:14] [[31merror[39m] [login user not found]
[19:50:14] [[32minfo[39m] [entered login]
[19:50:15] [[32minfo[39m] [clicked on signup]
[19:50:16] [[32minfo[39m] [clicked on signup]
[19:50:16] [[32minfo[39m] [clicked on signup]
[19:50:16] [[31merror[39m] [Email is already registered.]
[19:55:21] [[32minfo[39m] [clicked on signup]
[19:55:23] [[32minfo[39m] [clicked on signup]
[19:55:23] [[32minfo[39m] [clicked on signup]
[19:55:23] [[31merror[39m] [Email is already registered.]
[19:55:24] [[32minfo[39m] [entered login]
[19:55:24] [[31merror[39m] [please provide necessary requirements]
[19:55:24] [[32minfo[39m] [entered login]
[19:55:25] [[31merror[39m] [login invalid password]
[19:55:25] [[32minfo[39m] [entered login]
[19:55:25] [[31merror[39m] [login user not found]
[19:55:25] [[32minfo[39m] [entered login]
[19:58:00] [[32minfo[39m] [entered login]
[19:58:00] [[31merror[39m] [please provide necessary requirements]
[19:58:00] [[32minfo[39m] [entered login]
[19:58:01] [[31merror[39m] [login invalid password]
[19:58:01] [[32minfo[39m] [entered login]
[19:58:01] [[31merror[39m] [login user not found]
[19:58:01] [[32minfo[39m] [entered login]
[19:58:02] [[32minfo[39m] [clicked on signup]
[19:58:03] [[32minfo[39m] [clicked on signup]
[19:58:03] [[32minfo[39m] [clicked on signup]
[19:58:03] [[31merror[39m] [Email is already registered.]
[20:00:27] [[32minfo[39m] [clicked on signup]
[20:00:28] [[31merror[39m] [Email is already registered.]
[20:00:28] [[32minfo[39m] [clicked on signup]
[20:00:28] [[31merror[39m] [Email is already registered.]
[20:00:28] [[32minfo[39m] [clicked on signup]
[20:00:28] [[31merror[39m] [Email is already registered.]
[20:00:28] [[32minfo[39m] [clicked on signup]
[20:00:28] [[31merror[39m] [Email is already registered.]
[20:00:29] [[32minfo[39m] [entered login]
[20:00:29] [[31merror[39m] [please provide necessary requirements]
[20:00:29] [[32minfo[39m] [entered login]
[20:00:30] [[31merror[39m] [login invalid password]
[20:00:30] [[32minfo[39m] [entered login]
[20:00:30] [[31merror[39m] [login user not found]
[20:00:30] [[32minfo[39m] [entered login]
[20:01:11] [[32minfo[39m] [clicked on signup]
[20:01:12] [[32minfo[39m] [clicked on signup]
[20:01:12] [[32minfo[39m] [clicked on signup]
[20:01:12] [[31merror[39m] [Email is already registered.]
[20:01:12] [[32minfo[39m] [clicked on signup]
[20:01:13] [[31merror[39m] [Email is already registered.]
[20:01:14] [[32minfo[39m] [entered login]
[20:01:14] [[31merror[39m] [please provide necessary requirements]
[20:01:14] [[32minfo[39m] [entered login]
[20:01:15] [[31merror[39m] [login invalid password]
[20:01:15] [[32minfo[39m] [entered login]
[20:01:15] [[31merror[39m] [login user not found]
[20:01:15] [[32minfo[39m] [entered login]
[20:03:56] [[32minfo[39m] [entered login]
[20:03:56] [[31merror[39m] [please provide necessary requirements]
[20:03:56] [[32minfo[39m] [entered login]
[20:03:57] [[31merror[39m] [login invalid password]
[20:03:57] [[32minfo[39m] [entered login]
[20:03:57] [[31merror[39m] [login user not found]
[20:03:57] [[32minfo[39m] [entered login]
[20:03:59] [[32minfo[39m] [clicked on signup]
[20:04:00] [[32minfo[39m] [clicked on signup]
[20:07:58] [[32minfo[39m] [entered login]
[20:07:58] [[31merror[39m] [please provide necessary requirements]
[20:07:58] [[32minfo[39m] [entered login]
[20:08:01] [[31merror[39m] [login invalid password]
[20:08:01] [[32minfo[39m] [entered login]
[20:08:01] [[31merror[39m] [login user not found]
[20:08:01] [[32minfo[39m] [entered login]
